CyStageSrc/proguard/seeds.txt
android.annotation.SuppressLint
android.annotation.SuppressLint: java.lang.String[] value()
android.annotation.TargetApi
android.annotation.TargetApi: int value()
com.lenovo.vcs.weaver.phone.ui.surprise.LeActor
com.lenovo.vcs.weaver.phone.ui.surprise.LeActor: java.util.List lst
com.lenovo.vcs.weaver.phone.ui.surprise.LeActor: LeActor()
com.lenovo.vcs.weaver.phone.ui.surprise.LeActor: void addBone(com.lenovo.vcs.weaver.phone.ui.surprise.LeBone)
com.lenovo.vcs.weaver.phone.ui.surprise.LeActor: com.lenovo.vcs.weaver.phone.ui.surprise.LeBone getLastBone()
com.lenovo.vcs.weaver.phone.ui.surprise.LeActor: void draw(float,android.graphics.Canvas,android.graphics.Bitmap)
com.lenovo.vcs.weaver.phone.ui.surprise.LeActor: void reset()
com.lenovo.vcs.weaver.phone.ui.surprise.LeBone
com.lenovo.vcs.weaver.phone.ui.surprise.LeBone: int ly
com.lenovo.vcs.weaver.phone.ui.surprise.LeBone: android.graphics.Rect rcBmp
com.lenovo.vcs.weaver.phone.ui.surprise.LeBone: com.lenovo.vcs.weaver.phone.ui.surprise.LeBoneAnimation.LeRect rc
com.lenovo.vcs.weaver.phone.ui.surprise.LeBone: float rt
com.lenovo.vcs.weaver.phone.ui.surprise.LeBone: int rx
com.lenovo.vcs.weaver.phone.ui.surprise.LeBone: int ry
com.lenovo.vcs.weaver.phone.ui.surprise.LeBone: int alpha
com.lenovo.vcs.weaver.phone.ui.surprise.LeBone: java.util.List lst
com.lenovo.vcs.weaver.phone.ui.surprise.LeBone: void reset()
com.lenovo.vcs.weaver.phone.ui.surprise.LeBone: void addAnim(com.lenovo.vcs.weaver.phone.ui.surprise.LeBoneAnimation.LeBoneAnimation)
com.lenovo.vcs.weaver.phone.ui.surprise.LeBone: com.lenovo.vcs.weaver.phone.ui.surprise.LeBoneAnimation.LeBoneAnimation getLastAnim()
com.lenovo.vcs.weaver.phone.ui.surprise.LeBone: LeBone(android.graphics.Rect,int,com.lenovo.vcs.weaver.phone.ui.surprise.LeStage)
com.lenovo.vcs.weaver.phone.ui.surprise.LeBone: void draw(float,android.graphics.Canvas,android.graphics.Bitmap)
com.lenovo.vcs.weaver.phone.ui.surprise.LeBoneAnimation.LeBoneAnimation
com.lenovo.vcs.weaver.phone.ui.surprise.LeBoneAnimation.LeBoneAnimation: float[] ary
com.lenovo.vcs.weaver.phone.ui.surprise.LeBoneAnimation.LeBoneAnimation: com.lenovo.vcs.weaver.phone.ui.surprise.xml.LeBaHelper bh
com.lenovo.vcs.weaver.phone.ui.surprise.LeBoneAnimation.LeBoneAnimation: boolean isRectAction
com.lenovo.vcs.weaver.phone.ui.surprise.LeBoneAnimation.LeBoneAnimation: int fromLeft
com.lenovo.vcs.weaver.phone.ui.surprise.LeBoneAnimation.LeBoneAnimation: int fromTop
com.lenovo.vcs.weaver.phone.ui.surprise.LeBoneAnimation.LeBoneAnimation: int fromRight
com.lenovo.vcs.weaver.phone.ui.surprise.LeBoneAnimation.LeBoneAnimation: int fromBottom
com.lenovo.vcs.weaver.phone.ui.surprise.LeBoneAnimation.LeBoneAnimation: int toLeft
com.lenovo.vcs.weaver.phone.ui.surprise.LeBoneAnimation.LeBoneAnimation: int toTop
com.lenovo.vcs.weaver.phone.ui.surprise.LeBoneAnimation.LeBoneAnimation: int toRight
com.lenovo.vcs.weaver.phone.ui.surprise.LeBoneAnimation.LeBoneAnimation: int toBottom
com.lenovo.vcs.weaver.phone.ui.surprise.LeBoneAnimation.LeBoneAnimation: boolean isShow
com.lenovo.vcs.weaver.phone.ui.surprise.LeBoneAnimation.LeBoneAnimation: boolean isRotate
com.lenovo.vcs.weaver.phone.ui.surprise.LeBoneAnimation.LeBoneAnimation: float fromR
com.lenovo.vcs.weaver.phone.ui.surprise.LeBoneAnimation.LeBoneAnimation: float toR