CyStageSrc/proguard/mapping.txt
com.lenovo.vcs.weaver.phone.ui.surprise.LeStage -> com.lenovo.vcs.weaver.phone.ui.surprise.LeStage:
    java.lang.String config -> config
    android.graphics.Bitmap[] aryBmp -> aryBmp
    long st -> a
    long ldt -> b
    long dr -> dr
    boolean isEnd -> isEnd
    float scale -> scale
    int sW -> sW
    int sH -> sH
    int vW -> vW
    int vH -> vH
    int vL -> vL
    int vT -> vT
    int l -> l
    int t -> t
    int w -> w
    int h -> h
    java.lang.String id -> id
    java.lang.String name -> name
    java.lang.String picUrl -> picUrl
    java.lang.String mediaUrl -> mediaUrl
    boolean repeate -> repeate
    boolean canBack -> canBack
    android.graphics.Paint pt -> pt
    android.graphics.PaintFlagsDrawFilter pd -> c
    android.media.MediaPlayer[] aryMp -> aryMp
    byte p -> p
    float scaleType -> scaleType
    java.util.List lst -> lst
    void init(android.content.Context) -> init
    void resizeStage(int,int,int,int) -> resizeStage
    void addActor(com.lenovo.vcs.weaver.phone.ui.surprise.LeActor) -> addActor
    com.lenovo.vcs.weaver.phone.ui.surprise.LeActor getLastActor() -> getLastActor
    void drawRt(android.graphics.Canvas,long) -> drawRt
    void drawRp(android.graphics.Canvas,float) -> drawRp
    boolean isDrawing() -> isDrawing
    void draw(android.graphics.Canvas,long) -> draw
    void end() -> end
    boolean isEnd() -> isEnd
com.lenovo.vcs.weaver.phone.ui.surprise.LeStageBuildRunnable -> com.lenovo.vcs.weaver.phone.ui.surprise.LeStageBuildRunnable:
    java.util.List queue -> queue
    boolean isRun -> isRun
    android.content.Context ctx -> a
    com.lenovo.vcs.weaver.phone.ui.surprise.LeStageBuildRunnable$BuildCallback cb -> cb
    void build(android.content.Context,com.lenovo.vcs.weaver.phone.ui.surprise.LeStage) -> build
    void run() -> run
com.lenovo.vcs.weaver.phone.ui.surprise.LeStageBuildRunnable$BuildCallback -> com.lenovo.vcs.weaver.phone.ui.surprise.LeStageBuildRunnable$BuildCallback:
    void onStart(java.lang.String) -> onStart
    void onEnd(java.lang.String) -> onEnd
com.lenovo.vcs.weaver.phone.ui.surprise.LeStageFactory -> com.lenovo.vcs.weaver.phone.ui.surprise.LeStageFactory:
    java.util.Map mapStage -> a
    java.util.Map mapConfig -> b
    java.util.List lstView -> c
    byte TRUE -> TRUE
    byte FALSE -> FALSE
    byte NONE -> NONE
    com.lenovo.vcs.weaver.phone.ui.surprise.LeStageFactory sf -> d
    void pushView(com.lenovo.vcs.weaver.phone.ui.surprise.LeSurpriseView) -> pushView
    void popView(com.lenovo.vcs.weaver.phone.ui.surprise.LeSurpriseView) -> popView
    void popView(android.content.Context) -> popView
    java.util.List getViewLst(android.content.Context) -> getViewLst
    java.util.List getViewLst(android.content.Context,byte) -> getViewLst
    void setViewActivityShow(android.content.Context,boolean) -> setViewActivityShow
    void sendSurprise(android.content.Context,java.lang.String,java.lang.String,java.lang.String) -> sendSurprise
    void getSurprise(android.content.Context,java.lang.String,java.lang.String,byte,java.lang.String) -> getSurprise
    java.util.Map getMapConfig() -> getMapConfig
    com.lenovo.vcs.weaver.phone.ui.surprise.LeStageFactory getInstance() -> getInstance
    void initMapConfig(java.lang.String[],java.lang.String[]) -> initMapConfig
    boolean hasStage(java.lang.String) -> hasStage
    com.lenovo.vcs.weaver.phone.ui.surprise.LeStage getStageById(java.lang.String,boolean) -> getStageById
com.lenovo.vcs.weaver.phone.ui.surprise.LeSurpriseConfig -> com.lenovo.vcs.weaver.phone.ui.surprise.LeSurpriseConfig:
    boolean isDebug -> isDebug
    java.lang.String CONFIG_NAME -> CONFIG_NAME
    java.lang.String[] aryRes -> aryRes
    java.lang.String[] aryWelcomeRes -> aryWelcomeRes
    void setAssetAry(java.lang.String[],java.lang.String[]) -> setAssetAry