CyStageSrc/proguard/usage.txt
com.lenovo.vcs.weaver.phone.ui.surprise.LeSurpriseMainReceiver:
    private static final java.lang.String MSG_KEY
    private static final java.lang.String MSG_ID
    private static final java.lang.String MSG_TO
    private static final java.lang.String MSG_SUCCESS
    private static final java.lang.String MSG_LOCAL_ID
    private static final java.lang.String MSG_GLOBAL_ID
com.lenovo.vcs.weaver.phone.ui.surprise.LeSurpriseManager:
    private static final int MAX
    21:26:private static void push(int)
com.lenovo.vcs.weaver.phone.ui.surprise.LeTool:
    private static final java.lang.String SEPARATOR
    private static final int THREAD_PRIORITY
    private static final int BUFFER_LENTH